TN:
SF:src/background.ts
FN:13,(anonymous_0)
FN:15,(anonymous_1)
FN:25,(anonymous_2)
FN:39,(anonymous_3)
FN:51,(anonymous_4)
FN:71,(anonymous_5)
FN:72,(anonymous_6)
FN:76,(anonymous_7)
FN:79,(anonymous_8)
FN:80,(anonymous_9)
FN:87,(anonymous_10)
FN:106,(anonymous_11)
FN:142,(anonymous_12)
FN:157,(anonymous_13)
FN:170,(anonymous_14)
FN:182,(anonymous_15)
FN:200,(anonymous_16)
FN:202,(anonymous_17)
FN:213,(anonymous_18)
FN:214,(anonymous_19)
FN:215,(anonymous_20)
FN:234,(anonymous_21)
FN:241,(anonymous_22)
FN:245,(anonymous_23)
FN:249,(anonymous_24)
FN:257,(anonymous_25)
FN:268,(anonymous_26)
FN:273,(anonymous_27)
FN:285,(anonymous_28)
FN:301,(anonymous_29)
FN:319,(anonymous_30)
FNF:31
FNH:0
FNDA:0,(anonymous_0)
FNDA:0,(anonymous_1)
FNDA:0,(anonymous_2)
FNDA:0,(anonymous_3)
FNDA:0,(anonymous_4)
FNDA:0,(anonymous_5)
FNDA:0,(anonymous_6)
FNDA:0,(anonymous_7)
FNDA:0,(anonymous_8)
FNDA:0,(anonymous_9)
FNDA:0,(anonymous_10)
FNDA:0,(anonymous_11)
FNDA:0,(anonymous_12)
FNDA:0,(anonymous_13)
FNDA:0,(anonymous_14)
FNDA:0,(anonymous_15)
FNDA:0,(anonymous_16)
FNDA:0,(anonymous_17)
FNDA:0,(anonymous_18)
FNDA:0,(anonymous_19)
FNDA:0,(anonymous_20)
FNDA:0,(anonymous_21)
FNDA:0,(anonymous_22)
FNDA:0,(anonymous_23)
FNDA:0,(anonymous_24)
FNDA:0,(anonymous_25)
FNDA:0,(anonymous_26)
FNDA:0,(anonymous_27)
FNDA:0,(anonymous_28)
FNDA:0,(anonymous_29)
FNDA:0,(anonymous_30)
DA:1,0
DA:2,0
DA:3,0
DA:5,0
DA:7,0
DA:14,0
DA:15,0
DA:16,0
DA:17,0
DA:26,0
DA:27,0
DA:28,0
DA:29,0
DA:31,0
DA:40,0
DA:41,0
DA:43,0
DA:52,0
DA:53,0
DA:54,0
DA:55,0
DA:56,0
DA:72,0
DA:73,0
DA:76,0
DA:77,0
DA:78,0
DA:79,0
DA:81,0
DA:82,0
DA:84,0
DA:87,0
DA:88,0
DA:89,0
DA:90,0
DA:91,0
DA:92,0
DA:107,0
DA:109,0
DA:112,0
DA:113,0
DA:114,0
DA:117,0
DA:118,0
DA:119,0
DA:120,0
DA:121,0
DA:122,0
DA:123,0
DA:124,0
DA:125,0
DA:126,0
DA:127,0
DA:129,0
DA:132,0
DA:143,0
DA:144,0
DA:145,0
DA:146,0
DA:147,0
DA:149,0
DA:158,0
DA:163,0
DA:171,0
DA:172,0
DA:183,0
DA:185,0
DA:186,0
DA:188,0
DA:189,0
DA:190,0
DA:191,0
DA:192,0
DA:193,0
DA:194,0
DA:201,0
DA:202,0
DA:204,0
DA:205,0
DA:206,0
DA:207,0
DA:208,0
DA:214,0
DA:215,0
DA:216,0
DA:217,0
DA:218,0
DA:220,0
DA:229,0
DA:230,0
DA:231,0
DA:232,0
DA:235,0
DA:242,0
DA:246,0
DA:250,0
DA:251,0
DA:253,0
DA:258,0
DA:259,0
DA:261,0
DA:269,0
DA:270,0
DA:274,0
DA:276,0
DA:282,0
DA:286,0
DA:288,0
DA:289,0
DA:290,0
DA:293,0
DA:294,0
DA:295,0
DA:297,0
DA:302,0
DA:304,0
DA:305,0
DA:310,0
DA:311,0
DA:312,0
DA:314,0
DA:315,0
DA:320,0
DA:322,0
DA:323,0
DA:324,0
DA:327,0
DA:329,0
DA:334,0
LF:129
LH:0
BRDA:40,0,0,0
BRDA:40,0,1,0
BRDA:53,1,0,0
BRDA:53,1,1,0
BRDA:77,2,0,0
BRDA:77,2,1,0
BRDA:77,3,0,0
BRDA:77,3,1,0
BRDA:77,4,0,0
BRDA:77,4,1,0
BRDA:77,5,0,0
BRDA:77,5,1,0
BRDA:88,6,0,0
BRDA:88,6,1,0
BRDA:90,7,0,0
BRDA:90,7,1,0
BRDA:90,8,0,0
BRDA:90,8,1,0
BRDA:107,9,0,0
BRDA:107,9,1,0
BRDA:109,10,0,0
BRDA:109,10,1,0
BRDA:109,10,2,0
BRDA:109,10,3,0
BRDA:144,11,0,0
BRDA:144,11,1,0
BRDA:183,12,0,0
BRDA:183,12,1,0
BRDA:186,13,0,0
BRDA:186,13,1,0
BRDA:191,14,0,0
BRDA:191,14,1,0
BRDA:207,15,0,0
BRDA:207,15,1,0
BRDA:216,16,0,0
BRDA:216,16,1,0
BRDA:220,17,0,0
BRDA:220,17,1,0
BRDA:274,18,0,0
BRDA:274,18,1,0
BRDA:286,19,0,0
BRDA:286,19,1,0
BRDA:286,20,0,0
BRDA:286,20,1,0
BRDA:286,20,2,0
BRDA:302,21,0,0
BRDA:302,21,1,0
BRDA:320,22,0,0
BRDA:320,22,1,0
BRDA:320,23,0,0
BRDA:320,23,1,0
BRF:51
BRH:0
end_of_record
TN:
SF:src/content.ts
FN:9,(anonymous_1)
FN:12,(anonymous_2)
FN:19,(anonymous_3)
FN:28,(anonymous_4)
FN:33,(anonymous_5)
FN:35,(anonymous_6)
FN:42,(anonymous_7)
FN:51,(anonymous_8)
FNF:8
FNH:0
FNDA:0,(anonymous_1)
FNDA:0,(anonymous_2)
FNDA:0,(anonymous_3)
FNDA:0,(anonymous_4)
FNDA:0,(anonymous_5)
FNDA:0,(anonymous_6)
FNDA:0,(anonymous_7)
FNDA:0,(anonymous_8)
DA:1,0
DA:2,0
DA:5,0
DA:7,0
DA:9,0
DA:11,0
DA:14,0
DA:15,0
DA:19,0
DA:21,0
DA:22,0
DA:24,0
DA:28,0
DA:30,0
DA:33,0
DA:34,0
DA:35,0
DA:37,0
DA:38,0
DA:42,0
DA:44,0
DA:45,0
DA:47,0
DA:51,0
DA:55,0
DA:58,0
DA:61,0
DA:63,0
LF:28
LH:0
BRDA:15,0,0,0
BRDA:15,0,1,0
BRDA:15,0,2,0
BRDA:25,1,0,0
BRDA:25,1,1,0
BRDA:25,2,0,0
BRDA:25,2,1,0
BRDA:25,3,0,0
BRDA:25,3,1,0
BRDA:25,4,0,0
BRDA:25,4,1,0
BRDA:26,5,0,0
BRDA:26,5,1,0
BRDA:26,6,0,0
BRDA:26,6,1,0
BRDA:26,7,0,0
BRDA:26,7,1,0
BRDA:26,8,0,0
BRDA:26,8,1,0
BRDA:26,9,0,0
BRDA:26,9,1,0
BRDA:26,10,0,0
BRDA:26,10,1,0
BRDA:38,11,0,0
BRDA:38,11,1,0
BRDA:38,11,2,0
BRDA:48,12,0,0
BRDA:48,12,1,0
BRDA:48,13,0,0
BRDA:48,13,1,0
BRDA:48,14,0,0
BRDA:48,14,1,0
BRDA:48,15,0,0
BRDA:48,15,1,0
BRDA:49,16,0,0
BRDA:49,16,1,0
BRDA:49,17,0,0
BRDA:49,17,1,0
BRDA:49,18,0,0
BRDA:49,18,1,0
BRDA:49,19,0,0
BRDA:49,19,1,0
BRDA:49,20,0,0
BRDA:49,20,1,0
BRDA:49,21,0,0
BRDA:49,21,1,0
BRF:46
BRH:0
end_of_record
TN:
SF:src/popup.ts
FN:34,(anonymous_0)
FN:43,(anonymous_1)
FN:55,(anonymous_2)
FN:56,(anonymous_3)
FN:57,(anonymous_4)
FN:74,(anonymous_5)
FN:96,(anonymous_6)
FN:111,(anonymous_7)
FN:132,(anonymous_8)
FN:133,(anonymous_9)
FN:140,(anonymous_10)
FN:151,(anonymous_11)
FN:156,(anonymous_12)
FN:163,(anonymous_13)
FN:170,(anonymous_14)
FN:172,(anonymous_15)
FN:179,(anonymous_16)
FN:181,(anonymous_17)
FN:188,(anonymous_18)
FN:190,(anonymous_19)
FN:191,(anonymous_20)
FN:193,(anonymous_21)
FN:202,(anonymous_22)
FN:206,(anonymous_23)
FN:209,(anonymous_24)
FN:219,(anonymous_25)
FN:236,(anonymous_26)
FN:238,(anonymous_27)
FN:239,(anonymous_28)
FN:241,(anonymous_29)
FN:274,(anonymous_30)
FN:288,(anonymous_31)
FN:301,(anonymous_32)
FN:311,(anonymous_33)
FN:346,(anonymous_34)
FN:370,(anonymous_35)
FN:404,(anonymous_36)
FN:417,(anonymous_37)
FN:421,(anonymous_38)
FN:429,(anonymous_39)
FN:442,(anonymous_40)
FN:448,(anonymous_41)
FN:450,(anonymous_42)
FN:457,(anonymous_43)
FN:459,(anonymous_44)
FN:474,(anonymous_45)
FN:495,(anonymous_46)
FN:497,(anonymous_47)
FN:499,(anonymous_48)
FN:514,(anonymous_49)
FN:528,(anonymous_50)
FN:536,(anonymous_51)
FN:546,(anonymous_52)
FN:560,(anonymous_53)
FN:564,(anonymous_54)
FN:572,(anonymous_55)
FN:585,(anonymous_56)
FN:589,(anonymous_57)
FN:632,(anonymous_58)
FN:638,(anonymous_59)
FN:638,(anonymous_60)
FN:668,(anonymous_61)
FN:675,(anonymous_62)
FN:686,(anonymous_63)
FNF:64
FNH:0
FNDA:0,(anonymous_0)
FNDA:0,(anonymous_1)
FNDA:0,(anonymous_2)
FNDA:0,(anonymous_3)
FNDA:0,(anonymous_4)
FNDA:0,(anonymous_5)
FNDA:0,(anonymous_6)
FNDA:0,(anonymous_7)
FNDA:0,(anonymous_8)
FNDA:0,(anonymous_9)
FNDA:0,(anonymous_10)
FNDA:0,(anonymous_11)
FNDA:0,(anonymous_12)
FNDA:0,(anonymous_13)
FNDA:0,(anonymous_14)
FNDA:0,(anonymous_15)
FNDA:0,(anonymous_16)
FNDA:0,(anonymous_17)
FNDA:0,(anonymous_18)
FNDA:0,(anonymous_19)
FNDA:0,(anonymous_20)
FNDA:0,(anonymous_21)
FNDA:0,(anonymous_22)
FNDA:0,(anonymous_23)
FNDA:0,(anonymous_24)
FNDA:0,(anonymous_25)
FNDA:0,(anonymous_26)
FNDA:0,(anonymous_27)
FNDA:0,(anonymous_28)
FNDA:0,(anonymous_29)
FNDA:0,(anonymous_30)
FNDA:0,(anonymous_31)
FNDA:0,(anonymous_32)
FNDA:0,(anonymous_33)
FNDA:0,(anonymous_34)
FNDA:0,(anonymous_35)
FNDA:0,(anonymous_36)
FNDA:0,(anonymous_37)
FNDA:0,(anonymous_38)
FNDA:0,(anonymous_39)
FNDA:0,(anonymous_40)
FNDA:0,(anonymous_41)
FNDA:0,(anonymous_42)
FNDA:0,(anonymous_43)
FNDA:0,(anonymous_44)
FNDA:0,(anonymous_45)
FNDA:0,(anonymous_46)
FNDA:0,(anonymous_47)
FNDA:0,(anonymous_48)
FNDA:0,(anonymous_49)
FNDA:0,(anonymous_50)
FNDA:0,(anonymous_51)
FNDA:0,(anonymous_52)
FNDA:0,(anonymous_53)
FNDA:0,(anonymous_54)
FNDA:0,(anonymous_55)
FNDA:0,(anonymous_56)
FNDA:0,(anonymous_57)
FNDA:0,(anonymous_58)
FNDA:0,(anonymous_59)
FNDA:0,(anonymous_60)
FNDA:0,(anonymous_61)
FNDA:0,(anonymous_62)
FNDA:0,(anonymous_63)
DA:1,0
DA:2,0
DA:3,0
DA:23,0
DA:25,0
DA:27,0
DA:29,0
DA:35,0
DA:44,0
DA:45,0
DA:46,0
DA:47,0
DA:56,0
DA:57,0
DA:58,0
DA:59,0
DA:60,0
DA:62,0
DA:64,0
DA:75,0
DA:76,0
DA:77,0
DA:78,0
DA:81,0
DA:82,0
DA:83,0
DA:85,0
DA:86,0
DA:87,0
DA:97,0
DA:98,0
DA:99,0
DA:102,0
DA:103,0
DA:108,0
DA:109,0
DA:111,0
DA:112,0
DA:118,0
DA:119,0
DA:121,0
DA:122,0
DA:133,0
DA:140,0
DA:141,0
DA:142,0
DA:143,0
DA:152,0
DA:153,0
DA:155,0
DA:156,0
DA:157,0
DA:158,0
DA:162,0
DA:163,0
DA:164,0
DA:168,0
DA:169,0
DA:170,0
DA:171,0
DA:172,0
DA:173,0
DA:177,0
DA:178,0
DA:179,0
DA:180,0
DA:181,0
DA:182,0
DA:189,0
DA:190,0
DA:191,0
DA:193,0
DA:195,0
DA:196,0
DA:197,0
DA:200,0
DA:202,0
DA:203,0
DA:206,0
DA:207,0
DA:208,0
DA:209,0
DA:212,0
DA:219,0
DA:221,0
DA:224,0
DA:226,0
DA:229,0
DA:230,0
DA:232,0
DA:237,0
DA:238,0
DA:239,0
DA:241,0
DA:243,0
DA:244,0
DA:245,0
DA:248,0
DA:249,0
DA:251,0
DA:252,0
DA:254,0
DA:255,0
DA:256,0
DA:257,0
DA:259,0
DA:260,0
DA:262,0
DA:263,0
DA:265,0
DA:276,0
DA:277,0
DA:279,0
DA:280,0
DA:281,0
DA:285,0
DA:288,0
DA:289,0
DA:290,0
DA:293,0
DA:302,0
DA:303,0
DA:312,0
DA:313,0
DA:315,0
DA:316,0
DA:320,0
DA:321,0
DA:323,0
DA:325,0
DA:342,0
DA:343,0
DA:345,0
DA:346,0
DA:347,0
DA:348,0
DA:351,0
DA:354,0
DA:355,0
DA:358,0
DA:360,0
DA:371,0
DA:372,0
DA:374,0
DA:375,0
DA:377,0
DA:380,0
DA:392,0
DA:396,0
DA:397,0
DA:398,0
DA:402,0
DA:403,0
DA:404,0
DA:405,0
DA:409,0
DA:419,0
DA:420,0
DA:421,0
DA:422,0
DA:427,0
DA:428,0
DA:429,0
DA:430,0
DA:443,0
DA:445,0
DA:446,0
DA:448,0
DA:449,0
DA:450,0
DA:451,0
DA:455,0
DA:457,0
DA:458,0
DA:459,0
DA:460,0
DA:465,0
DA:475,0
DA:476,0
DA:478,0
DA:481,0
DA:482,0
DA:483,0
DA:486,0
DA:496,0
DA:497,0
DA:498,0
DA:499,0
DA:500,0
DA:504,0
DA:507,0
DA:515,0
DA:516,0
DA:518,0
DA:520,0
DA:529,0
DA:537,0
DA:538,0
DA:539,0
DA:540,0
DA:543,0
DA:546,0
DA:549,0
DA:550,0
DA:552,0
DA:553,0
DA:556,0
DA:557,0
DA:558,0
DA:560,0
DA:561,0
DA:564,0
DA:566,0
DA:567,0
DA:568,0
DA:572,0
DA:573,0
DA:574,0
DA:575,0
DA:576,0
DA:586,0
DA:588,0
DA:589,0
DA:591,0
DA:593,0
DA:595,0
DA:597,0
DA:598,0
DA:599,0
DA:600,0
DA:603,0
DA:605,0
DA:607,0
DA:608,0
DA:609,0
DA:610,0
DA:612,0
DA:616,0
DA:617,0
DA:620,0
DA:621,0
DA:622,0
DA:623,0
DA:633,0
DA:634,0
DA:637,0
DA:638,0
DA:642,0
DA:644,0
DA:645,0
DA:646,0
DA:649,0
DA:651,0
DA:652,0
DA:655,0
DA:656,0
DA:669,0
DA:670,0
DA:671,0
DA:672,0
DA:673,0
DA:675,0
DA:676,0
DA:686,0
DA:687,0
LF:265
LH:0
BRDA:58,0,0,0
BRDA:58,0,1,0
BRDA:62,1,0,0
BRDA:62,1,1,0
BRDA:75,2,0,0
BRDA:75,2,1,0
BRDA:97,3,0,0
BRDA:97,3,1,0
BRDA:135,4,0,0
BRDA:135,4,1,0
BRDA:136,5,0,0
BRDA:136,5,1,0
BRDA:141,6,0,0
BRDA:141,6,1,0
BRDA:142,7,0,0
BRDA:142,7,1,0
BRDA:155,8,0,0
BRDA:155,8,1,0
BRDA:162,9,0,0
BRDA:162,9,1,0
BRDA:169,10,0,0
BRDA:169,10,1,0
BRDA:178,11,0,0
BRDA:178,11,1,0
BRDA:195,12,0,0
BRDA:195,12,1,0
BRDA:203,13,0,0
BRDA:203,13,1,0
BRDA:207,14,0,0
BRDA:207,14,1,0
BRDA:243,15,0,0
BRDA:243,15,1,0
BRDA:277,16,0,0
BRDA:277,16,1,0
BRDA:279,17,0,0
BRDA:279,17,1,0
BRDA:315,18,0,0
BRDA:315,18,1,0
BRDA:316,19,0,0
BRDA:316,19,1,0
BRDA:328,20,0,0
BRDA:328,20,1,0
BRDA:337,21,0,0
BRDA:337,21,1,0
BRDA:343,22,0,0
BRDA:343,22,1,0
BRDA:345,23,0,0
BRDA:345,23,1,0
BRDA:375,24,0,0
BRDA:375,24,1,0
BRDA:377,25,0,0
BRDA:377,25,1,0
BRDA:397,26,0,0
BRDA:397,26,1,0
BRDA:403,27,0,0
BRDA:403,27,1,0
BRDA:420,28,0,0
BRDA:420,28,1,0
BRDA:428,29,0,0
BRDA:428,29,1,0
BRDA:445,30,0,0
BRDA:445,30,1,0
BRDA:449,31,0,0
BRDA:449,31,1,0
BRDA:458,32,0,0
BRDA:458,32,1,0
BRDA:475,33,0,0
BRDA:475,33,1,0
BRDA:481,34,0,0
BRDA:481,34,1,0
BRDA:496,35,0,0
BRDA:496,35,1,0
BRDA:515,36,0,0
BRDA:515,36,1,0
BRDA:543,37,0,0
BRDA:543,37,1,0
BRDA:543,38,0,0
BRDA:543,38,1,0
BRDA:549,39,0,0
BRDA:549,39,1,0
BRDA:553,40,0,0
BRDA:553,40,1,0
BRDA:566,41,0,0
BRDA:566,41,1,0
BRDA:566,42,0,0
BRDA:566,42,1,0
BRDA:567,43,0,0
BRDA:567,43,1,0
BRDA:574,44,0,0
BRDA:574,44,1,0
BRDA:574,45,0,0
BRDA:574,45,1,0
BRDA:575,46,0,0
BRDA:575,46,1,0
BRDA:586,47,0,0
BRDA:586,47,1,0
BRDA:593,48,0,0
BRDA:593,48,1,0
BRDA:598,49,0,0
BRDA:598,49,1,0
BRDA:605,50,0,0
BRDA:605,50,1,0
BRDA:612,51,0,0
BRDA:612,51,1,0
BRDA:621,52,0,0
BRDA:621,52,1,0
BRDA:633,53,0,0
BRDA:633,53,1,0
BRDA:633,54,0,0
BRDA:633,54,1,0
BRDA:658,55,0,0
BRDA:658,55,1,0
BRDA:668,56,0,0
BRDA:670,57,0,0
BRDA:670,57,1,0
BRF:115
BRH:0
end_of_record
TN:
SF:src/communication/activity.ts
FN:4,(anonymous_0)
FNF:1
FNH:0
FNDA:0,(anonymous_0)
DA:4,0
DA:5,0
DA:6,0
DA:7,0
DA:8,0
LF:5
LH:0
BRDA:4,0,0,0
BRDA:4,0,1,0
BRF:2
BRH:0
end_of_record
TN:
SF:src/communication/backgroundmessage.ts
FN:14,(anonymous_0)
FNF:1
FNH:0
FNDA:0,(anonymous_0)
DA:3,0
DA:15,0
DA:16,0
LF:3
LH:0
BRF:0
BRH:0
end_of_record
TN:
SF:src/communication/sender.ts
FN:1,(anonymous_0)
FNF:1
FNH:0
FNDA:0,(anonymous_0)
DA:1,0
DA:2,0
DA:3,0
DA:4,0
DA:5,0
DA:6,0
LF:6
LH:0
BRDA:1,0,0,0
BRDA:1,0,1,0
BRF:2
BRH:0
end_of_record
TN:
SF:src/database/dbdocument.ts
FN:10,(anonymous_0)
FN:29,(anonymous_1)
FN:46,(anonymous_2)
FN:50,(anonymous_3)
FNF:4
FNH:0
FNDA:0,(anonymous_0)
FNDA:0,(anonymous_1)
FNDA:0,(anonymous_2)
FNDA:0,(anonymous_3)
DA:11,0
DA:12,0
DA:30,0
DA:31,0
DA:32,0
DA:33,0
DA:34,0
DA:45,0
DA:47,0
DA:48,0
DA:51,0
DA:55,0
LF:12
LH:0
BRF:0
BRH:0
end_of_record
TN:
SF:src/database/firebase.ts
FNF:0
FNH:0
DA:1,0
DA:2,0
DA:3,0
DA:9,0
DA:12,0
LF:5
LH:0
BRF:0
BRH:0
end_of_record
TN:
SF:src/interactions/config.ts
FN:58,(anonymous_0)
FN:68,(anonymous_1)
FN:73,(anonymous_2)
FN:76,(anonymous_3)
FN:82,(anonymous_4)
FN:93,(anonymous_5)
FNF:6
FNH:0
FNDA:0,(anonymous_0)
FNDA:0,(anonymous_1)
FNDA:0,(anonymous_2)
FNDA:0,(anonymous_3)
FNDA:0,(anonymous_4)
FNDA:0,(anonymous_5)
DA:1,0
DA:3,0
DA:59,0
DA:60,0
DA:61,0
DA:69,0
DA:70,0
DA:74,0
DA:75,0
DA:76,0
DA:77,0
DA:79,0
DA:80,0
DA:81,0
DA:83,0
DA:85,0
DA:94,0
DA:95,0
LF:18
LH:0
BRDA:68,0,0,0
BRDA:77,1,0,0
BRDA:77,1,1,0
BRDA:81,2,0,0
BRDA:81,2,1,0
BRDA:93,3,0,0
BRF:6
BRH:0
end_of_record
TN:
SF:src/interactions/monitor.ts
FN:37,(anonymous_0)
FN:267,(anonymous_1)
FN:271,stringToColor
FN:48,(anonymous_3)
FN:68,(anonymous_4)
FN:84,(anonymous_5)
FN:91,(anonymous_6)
FN:103,(anonymous_7)
FN:105,(anonymous_8)
FN:114,(anonymous_9)
FN:122,(anonymous_10)
FN:127,(anonymous_11)
FN:130,(anonymous_12)
FN:135,(anonymous_13)
FN:149,(anonymous_14)
FN:166,(anonymous_15)
FN:182,(anonymous_16)
FN:207,(anonymous_17)
FN:219,(anonymous_18)
FN:235,(anonymous_19)
FNF:20
FNH:0
FNDA:0,(anonymous_0)
FNDA:0,(anonymous_1)
FNDA:0,stringToColor
FNDA:0,(anonymous_3)
FNDA:0,(anonymous_4)
FNDA:0,(anonymous_5)
FNDA:0,(anonymous_6)
FNDA:0,(anonymous_7)
FNDA:0,(anonymous_8)
FNDA:0,(anonymous_9)
FNDA:0,(anonymous_10)
FNDA:0,(anonymous_11)
FNDA:0,(anonymous_12)
FNDA:0,(anonymous_13)
FNDA:0,(anonymous_14)
FNDA:0,(anonymous_15)
FNDA:0,(anonymous_16)
FNDA:0,(anonymous_17)
FNDA:0,(anonymous_18)
FNDA:0,(anonymous_19)
DA:1,0
DA:2,0
DA:4,0
DA:5,0
DA:6,0
DA:20,0
DA:38,0
DA:39,0
DA:40,0
DA:41,0
DA:42,0
DA:43,0
DA:44,0
DA:45,0
DA:47,0
DA:48,0
DA:49,0
DA:50,0
DA:51,0
DA:55,0
DA:56,0
DA:58,0
DA:61,0
DA:69,0
DA:71,0
DA:73,0
DA:75,0
DA:77,0
DA:85,0
DA:92,0
DA:93,0
DA:94,0
DA:95,0
DA:105,0
DA:107,0
DA:114,0
DA:127,0
DA:128,0
DA:129,0
DA:130,0
DA:131,0
DA:132,0
DA:134,0
DA:135,0
DA:136,0
DA:150,0
DA:151,0
DA:152,0
DA:153,0
DA:155,0
DA:167,0
DA:168,0
DA:169,0
DA:170,0
DA:171,0
DA:183,0
DA:184,0
DA:188,0
DA:190,0
DA:192,0
DA:193,0
DA:196,0
DA:208,0
DA:209,0
DA:210,0
DA:220,0
DA:221,0
DA:222,0
DA:225,0
DA:226,0
DA:236,0
DA:237,0
DA:241,0
DA:244,0
DA:245,0
DA:246,0
DA:247,0
DA:249,0
DA:250,0
DA:251,0
DA:252,0
DA:253,0
DA:254,0
DA:255,0
DA:256,0
DA:257,0
DA:267,0
DA:268,0
DA:270,0
DA:272,0
DA:273,0
DA:274,0
DA:275,0
DA:276,0
DA:279,0
DA:280,0
DA:281,0
DA:283,0
LF:98
LH:0
BRDA:272,0,0,0
BRDA:272,0,1,0
BRDA:279,1,0,0
BRDA:279,1,1,0
BRDA:39,2,0,0
BRDA:39,2,1,0
BRDA:47,3,0,0
BRDA:47,3,1,0
BRDA:49,4,0,0
BRDA:49,4,1,0
BRDA:55,5,0,0
BRDA:55,5,1,0
BRDA:131,6,0,0
BRDA:131,6,1,0
BRDA:245,7,0,0
BRDA:245,7,1,0
BRDA:249,8,0,0
BRDA:249,8,1,0
BRDA:254,9,0,0
BRDA:254,9,1,0
BRF:20
BRH:0
end_of_record
TN:
SF:src/interactions/pagedata.ts
FN:22,(anonymous_0)
FN:37,(anonymous_1)
FN:42,(anonymous_2)
FN:72,(anonymous_3)
FNF:4
FNH:0
FNDA:0,(anonymous_0)
FNDA:0,(anonymous_1)
FNDA:0,(anonymous_2)
FNDA:0,(anonymous_3)
DA:5,0
DA:23,0
DA:24,0
DA:25,0
DA:38,0
DA:39,0
DA:42,0
DA:45,0
DA:46,0
DA:48,0
DA:49,0
DA:51,0
DA:54,0
DA:56,0
DA:57,0
DA:61,0
DA:62,0
DA:73,0
DA:74,0
DA:75,0
DA:76,0
DA:77,0
DA:78,0
DA:82,0
LF:24
LH:0
BRDA:48,0,0,0
BRDA:48,0,1,0
BRDA:48,1,0,0
BRDA:48,1,1,0
BRDA:56,2,0,0
BRDA:56,2,1,0
BRDA:76,3,0,0
BRDA:76,3,1,0
BRF:8
BRH:0
end_of_record
